2020-08-23T01:59:57.054Z  info: 
################################################################################
#                      Service now running on port '3535'                      # 
################################################################################

2020-08-23T01:59:57.056Z  info: Import All records
2020-08-23T02:00:00.058Z  info: Updating auxiliary...
2020-08-23T02:00:01.565Z  info: Updated Sample Conclusions: 4 records
2020-08-23T02:00:03.602Z  info: Updated Sample Reasons: 3 records
2020-08-23T02:00:04.801Z  info: Updated Service Center: 1 records
2020-08-23T02:00:06.660Z  info: Updated Sample Status: 15 records
2020-08-23T02:00:08.518Z  info: Updated Sample Type: 221 records
2020-08-23T02:00:09.997Z  info: Updated MyLIMS Users: 28 records
2020-08-23T02:00:13.377Z  info: Updated Collection Points: 721 records
2020-08-23T02:00:15.808Z  info: Updated Infos: 323 records
2020-08-23T02:00:16.975Z  info: Updated Service Areas: 7 records
2020-08-23T02:00:18.537Z  info: Updated Method Types: 5 records
2020-08-23T02:00:19.705Z  info: Updated Method Status: 4 records
2020-08-23T02:00:21.173Z  info: Updated Methods: 90 records
2020-08-23T02:00:23.425Z  info: Updated Analysis Groups: 420 records
2020-08-23T02:00:24.188Z  info: starting synchronization with myLIMs (records at time: 100)
2020-08-23T02:00:28.657Z  info: Total Samples found:  100
2020-08-23T02:00:28.662Z  info: Total Samples avaliable to save: 100
2020-08-23T02:00:33.128Z  info: samples Saved: 100 
2020-08-23T02:00:33.129Z  info: Sample: 1441 last edition in 2018-08-17T19:21:31.16Z
2020-08-23T02:00:33.131Z  info: Sample: 1440 last edition in 2018-08-18T01:34:05.923Z
2020-08-23T02:00:33.132Z  info: Sample: 1442 last edition in 2018-08-18T17:50:32.127Z
2020-08-23T02:00:33.143Z  info: Sample: 1446 last edition in 2018-08-20T13:31:01.55Z
2020-08-23T02:00:33.145Z  info: Sample: 1445 last edition in 2018-08-20T14:00:39.857Z
2020-08-23T02:00:33.147Z  info: Sample: 1448 last edition in 2018-08-20T14:01:40.503Z
2020-08-23T02:00:33.148Z  info: Sample: 1443 last edition in 2018-08-20T14:04:34.93Z
2020-08-23T02:00:33.149Z  info: Sample: 1449 last edition in 2018-08-20T14:18:00.153Z
2020-08-23T02:00:33.150Z  info: Sample: 1444 last edition in 2018-08-20T15:09:57.05Z
2020-08-23T02:00:33.151Z  info: Sample: 1447 last edition in 2018-08-20T16:49:11.483Z
2020-08-23T02:00:33.153Z  info: Sample: 1456 last edition in 2018-08-20T19:03:56.303Z
2020-08-23T02:00:33.164Z  info: Sample: 1461 last edition in 2018-08-21T10:08:42.623Z
2020-08-23T02:00:33.165Z  info: Sample: 1463 last edition in 2018-08-21T11:30:53.587Z
2020-08-23T02:00:33.166Z  info: Sample: 1465 last edition in 2018-08-21T11:40:48.373Z
2020-08-23T02:00:33.167Z  info: Sample: 1466 last edition in 2018-08-21T11:47:08.127Z
2020-08-23T02:00:33.168Z  info: Sample: 1468 last edition in 2018-08-21T12:01:09.207Z
2020-08-23T02:00:33.170Z  info: Sample: 1469 last edition in 2018-08-21T12:18:42.173Z
2020-08-23T02:00:33.181Z  info: Sample: 1471 last edition in 2018-08-21T12:31:57.127Z
2020-08-23T02:00:33.183Z  info: Sample: 1472 last edition in 2018-08-21T12:32:20.403Z
2020-08-23T02:00:33.184Z  info: Sample: 1474 last edition in 2018-08-21T12:35:41.58Z
2020-08-23T02:00:33.185Z  info: Sample: 1475 last edition in 2018-08-21T12:40:57.97Z
2020-08-23T02:00:33.186Z  info: Sample: 1476 last edition in 2018-08-21T12:48:51.823Z
2020-08-23T02:00:33.187Z  info: Sample: 1477 last edition in 2018-08-21T12:49:00.087Z
2020-08-23T02:00:33.199Z  info: Sample: 1478 last edition in 2018-08-21T12:49:21.793Z
2020-08-23T02:00:33.200Z  info: Sample: 1479 last edition in 2018-08-21T12:49:57.617Z
2020-08-23T02:00:33.201Z  info: Sample: 1480 last edition in 2018-08-21T12:59:57.963Z
2020-08-23T02:00:33.202Z  info: Sample: 1481 last edition in 2018-08-21T13:18:24.807Z
2020-08-23T02:00:33.203Z  info: Sample: 1488 last edition in 2018-08-21T13:37:36.747Z
2020-08-23T02:00:33.214Z  info: Sample: 1489 last edition in 2018-08-21T13:45:24.38Z
2020-08-23T02:00:33.216Z  info: Sample: 1490 last edition in 2018-08-21T13:49:23.687Z
2020-08-23T02:00:33.217Z  info: Sample: 1491 last edition in 2018-08-21T13:54:10.303Z
2020-08-23T02:00:33.218Z  info: Sample: 1493 last edition in 2018-08-21T14:16:05.127Z
2020-08-23T02:00:33.219Z  info: Sample: 1496 last edition in 2018-08-21T14:42:33.333Z
2020-08-23T02:00:33.220Z  info: Sample: 1494 last edition in 2018-08-21T14:49:23.617Z
2020-08-23T02:00:33.232Z  info: Sample: 1500 last edition in 2018-08-21T15:46:23.837Z
2020-08-23T02:00:33.233Z  info: Sample: 1501 last edition in 2018-08-21T15:50:25.043Z
2020-08-23T02:00:33.234Z  info: Sample: 1502 last edition in 2018-08-21T15:53:35.813Z
2020-08-23T02:00:33.235Z  info: Sample: 1503 last edition in 2018-08-21T16:23:01.06Z
2020-08-23T02:00:33.236Z  info: Sample: 1505 last edition in 2018-08-21T16:40:16.867Z
2020-08-23T02:00:33.237Z  info: Sample: 1506 last edition in 2018-08-21T16:46:18.233Z
2020-08-23T02:00:33.250Z  info: Sample: 1507 last edition in 2018-08-21T16:53:01.577Z
2020-08-23T02:00:33.251Z  info: Sample: 1509 last edition in 2018-08-21T17:01:00.153Z
2020-08-23T02:00:33.252Z  info: Sample: 1510 last edition in 2018-08-21T17:15:19.817Z
2020-08-23T02:00:33.253Z  info: Sample: 1513 last edition in 2018-08-21T18:46:08.56Z
2020-08-23T02:00:33.254Z  info: Sample: 1512 last edition in 2018-08-21T18:47:10.327Z
2020-08-23T02:00:33.266Z  info: Sample: 1514 last edition in 2018-08-21T18:48:31.437Z
2020-08-23T02:00:33.268Z  info: Sample: 1515 last edition in 2018-08-21T18:50:54.437Z
2020-08-23T02:00:33.269Z  info: Sample: 1518 last edition in 2018-08-21T19:26:43.157Z
2020-08-23T02:00:33.270Z  info: Sample: 1521 last edition in 2018-08-21T19:48:33.45Z
2020-08-23T02:00:33.283Z  info: Sample: 1522 last edition in 2018-08-21T19:51:08.397Z
2020-08-23T02:00:33.284Z  info: Sample: 1523 last edition in 2018-08-21T19:54:50.577Z
2020-08-23T02:00:33.285Z  info: Sample: 1524 last edition in 2018-08-21T19:58:28.01Z
2020-08-23T02:00:33.286Z  info: Sample: 1525 last edition in 2018-08-21T20:00:29.147Z
2020-08-23T02:00:33.287Z  info: Sample: 1526 last edition in 2018-08-21T20:03:36.543Z
2020-08-23T02:00:33.300Z  info: Sample: 1527 last edition in 2018-08-21T20:05:57.613Z
2020-08-23T02:00:33.301Z  info: Sample: 1528 last edition in 2018-08-21T20:07:58.54Z
2020-08-23T02:00:33.302Z  info: Sample: 1529 last edition in 2018-08-21T20:09:47.657Z
2020-08-23T02:00:33.304Z  info: Sample: 1530 last edition in 2018-08-21T20:12:58.353Z
2020-08-23T02:00:33.317Z  info: Sample: 1531 last edition in 2018-08-21T20:15:55.357Z
2020-08-23T02:00:33.319Z  info: Sample: 1532 last edition in 2018-08-21T20:18:05.507Z
2020-08-23T02:00:33.320Z  info: Sample: 1533 last edition in 2018-08-21T20:20:19.783Z
2020-08-23T02:00:33.321Z  info: Sample: 1534 last edition in 2018-08-21T20:22:39.34Z
2020-08-23T02:00:33.334Z  info: Sample: 1538 last edition in 2018-08-22T12:49:02.887Z
2020-08-23T02:00:33.335Z  info: Sample: 1539 last edition in 2018-08-22T12:53:33.167Z
2020-08-23T02:00:33.336Z  info: Sample: 1541 last edition in 2018-08-22T13:14:34.287Z
2020-08-23T02:00:33.337Z  info: Sample: 1542 last edition in 2018-08-22T13:14:42.88Z
2020-08-23T02:00:33.350Z  info: Sample: 1543 last edition in 2018-08-22T13:16:36.223Z
2020-08-23T02:00:33.351Z  info: Sample: 1544 last edition in 2018-08-22T13:18:27.197Z
2020-08-23T02:00:33.353Z  info: Sample: 1545 last edition in 2018-08-22T13:25:28.153Z
2020-08-23T02:00:33.354Z  info: Sample: 1546 last edition in 2018-08-22T13:29:08.617Z
2020-08-23T02:00:33.367Z  info: Sample: 1547 last edition in 2018-08-22T13:32:47.417Z
2020-08-23T02:00:33.368Z  info: Sample: 1548 last edition in 2018-08-22T13:35:17.533Z
2020-08-23T02:00:33.370Z  info: Sample: 1549 last edition in 2018-08-22T13:37:53.103Z
2020-08-23T02:00:33.382Z  info: Sample: 1550 last edition in 2018-08-22T13:42:08.37Z
2020-08-23T02:00:33.384Z  info: Sample: 1460 last edition in 2018-08-22T13:48:05.42Z
2020-08-23T02:00:33.385Z  info: Sample: 1470 last edition in 2018-08-22T13:48:05.45Z
2020-08-23T02:00:33.386Z  info: Sample: 1482 last edition in 2018-08-22T13:48:05.48Z
2020-08-23T02:00:33.387Z  info: Sample: 1484 last edition in 2018-08-22T13:48:05.497Z
2020-08-23T02:00:33.399Z  info: Sample: 1485 last edition in 2018-08-22T13:48:05.527Z
2020-08-23T02:00:33.401Z  info: Sample: 1486 last edition in 2018-08-22T13:48:05.543Z
2020-08-23T02:00:33.402Z  info: Sample: 1487 last edition in 2018-08-22T13:48:05.577Z
2020-08-23T02:00:33.403Z  info: Sample: 1498 last edition in 2018-08-22T13:48:05.637Z
2020-08-23T02:00:33.416Z  info: Sample: 1551 last edition in 2018-08-22T14:01:12.847Z
2020-08-23T02:00:33.417Z  info: Sample: 1552 last edition in 2018-08-22T14:19:22.007Z
2020-08-23T02:00:33.418Z  info: Sample: 1553 last edition in 2018-08-22T14:22:52.567Z
2020-08-23T02:00:33.419Z  info: Sample: 1555 last edition in 2018-08-22T14:43:04.183Z
2020-08-23T02:00:33.420Z  info: Sample: 1556 last edition in 2018-08-22T14:49:31.76Z
2020-08-23T02:00:33.421Z  info: Sample: 1558 last edition in 2018-08-22T14:55:07.217Z
2020-08-23T02:00:33.433Z  info: Sample: 1557 last edition in 2018-08-22T14:55:42Z
2020-08-23T02:00:33.434Z  info: Sample: 1559 last edition in 2018-08-22T15:00:26.413Z
2020-08-23T02:00:33.436Z  info: Sample: 1560 last edition in 2018-08-22T15:04:25.39Z
2020-08-23T02:00:33.438Z  info: Sample: 1561 last edition in 2018-08-22T15:07:58.42Z
2020-08-23T02:00:33.450Z  info: Sample: 1562 last edition in 2018-08-22T15:13:01.003Z
2020-08-23T02:00:33.452Z  info: Sample: 1563 last edition in 2018-08-22T15:16:03.037Z
2020-08-23T02:00:33.453Z  info: Sample: 1564 last edition in 2018-08-22T15:18:30.693Z
2020-08-23T02:00:33.454Z  info: Sample: 1554 last edition in 2018-08-22T16:35:19.243Z
2020-08-23T02:00:33.466Z  info: Sample: 1567 last edition in 2018-08-22T17:22:17.267Z
2020-08-23T02:00:33.468Z  info: Sample: 1568 last edition in 2018-08-22T17:54:07.487Z
2020-08-23T02:00:33.469Z  info: Sample: 1570 last edition in 2018-08-22T19:57:23.78Z
2020-08-23T02:00:33.470Z  info: Sample: 1571 last edition in 2018-08-23T09:26:52.457Z
2020-08-23T02:00:33.482Z  info: Getting samples details (infos, methods and amalysis)... 
2020-08-23T02:01:02.208Z  info: Total SamplesInfos saved: 376
2020-08-23T02:01:02.210Z  info: Total SamplesMethods saved: 1075
2020-08-23T02:01:02.212Z  info: Total SamplesAnalyses saved: 1392
2020-08-23T02:01:02.230Z  info: End step (1 to 100) of synchronization with myLIMs
2020-08-23T02:01:02.231Z  info: 100 records imported (of 125190)
2020-08-23T02:01:02.231Z  info: starting synchronization with myLIMs (records at time: 100)
2020-08-23T02:01:07.181Z  info: Total Samples found:  100
2020-08-23T02:01:07.184Z  info: Total Samples avaliable to save: 100
